<?xml version="1.0" encoding="UTF-8"?>
<!-- Generated by org.testng.reporters.JUnitReportReporter -->
<testsuite hostname="MCO-5097489-L1" name="Selenium.mainClass" tests="1" failures="0" timestamp="13 Jun 2019 19:43:33 GMT" time="2107.109" errors="0">
  <testcase name="baseNavigation" time="2107.109" classname="Selenium.mainClass"/>
</testsuite> <!-- Selenium.mainClass -->
