<?xml version="1.0" encoding="UTF-8"?>
<!-- Generated by org.testng.reporters.JUnitReportReporter -->
<testsuite hostname="MCO-5097489-L1" name="Selenium.mainClass" tests="1" failures="0" timestamp="22 Feb 2019 17:02:28 GMT" time="70.739" errors="0">
  <testcase name="baseNavigation" time="70.739" classname="Selenium.mainClass"/>
</testsuite> <!-- Selenium.mainClass -->
